Using pre-set license
Built from '2022.3/staging' branch; Version is '2022.3.26f1 (ec6cd8118806) revision 15494360'; Using compiler version '192829333'; Build Type 'Release'
OS: 'Windows 10  (10.0.19045) 64bit Professional' Language: 'ko' Physical Memory: 16321 MB
BatchMode: 1, IsHumanControllingUs: 0, StartBugReporterOnCrash: 0, Is64bit: 1, IsPro: 1

COMMAND LINE ARGUMENTS:
C:\Program Files\Unity\Hub\Editor\2022.3.26f1\Editor\Unity.exe
-adb2
-batchMode
-noUpm
-name
AssetImportWorker0
-projectPath
C:/Users/Atents/My project
-logFile
Logs/AssetImportWorker0.log
-srvPort
61632
Successfully changed project path to: C:/Users/Atents/My project
C:/Users/Atents/My project
[UnityMemory] Configuration Parameters - Can be set up in boot.config
    "memorysetup-bucket-allocator-granularity=16"
    "memorysetup-bucket-allocator-bucket-count=8"
    "memorysetup-bucket-allocator-block-size=33554432"
    "memorysetup-bucket-allocator-block-count=8"
    "memorysetup-main-allocator-block-size=16777216"
    "memorysetup-thread-allocator-block-size=16777216"
    "memorysetup-gfx-main-allocator-block-size=16777216"
    "memorysetup-gfx-thread-allocator-block-size=16777216"
    "memorysetup-cache-allocator-block-size=4194304"
    "memorysetup-typetree-allocator-block-size=2097152"
    "memorysetup-profiler-bucket-allocator-granularity=16"
    "memorysetup-profiler-bucket-allocator-bucket-count=8"
    "memorysetup-profiler-bucket-allocator-block-size=33554432"
    "memorysetup-profiler-bucket-allocator-block-count=8"
    "memorysetup-profiler-allocator-block-size=16777216"
    "memorysetup-profiler-editor-allocator-block-size=1048576"
    "memorysetup-temp-allocator-size-main=16777216"
    "memorysetup-job-temp-allocator-block-size=2097152"
    "memorysetup-job-temp-allocator-block-size-background=1048576"
    "memorysetup-job-temp-allocator-reduction-small-platforms=262144"
    "memorysetup-allocator-temp-initial-block-size-main=262144"
    "memorysetup-allocator-temp-initial-block-size-worker=262144"
    "memorysetup-temp-allocator-size-background-worker=32768"
    "memorysetup-temp-allocator-size-job-worker=262144"
    "memorysetup-temp-allocator-size-preload-manager=33554432"
    "memorysetup-temp-allocator-size-nav-mesh-worker=65536"
    "memorysetup-temp-allocator-size-audio-worker=65536"
    "memorysetup-temp-allocator-size-cloud-worker=32768"
    "memorysetup-temp-allocator-size-gi-baking-worker=262144"
    "memorysetup-temp-allocator-size-gfx=262144"
Player connection [12340] Host "[IP] 192.168.20.59 [Port] 0 [Flags] 2 [Guid] 3614848264 [EditorId] 3614848264 [Version] 1048832 [Id] WindowsEditor(7,DESKTOP-EN2GRQM) [Debug] 1 [PackageName] WindowsEditor [ProjectName] Editor" joined multi-casting on [225.0.0.222:54997]...

Player connection [12340] Host "[IP] 192.168.20.59 [Port] 0 [Flags] 2 [Guid] 3614848264 [EditorId] 3614848264 [Version] 1048832 [Id] WindowsEditor(7,DESKTOP-EN2GRQM) [Debug] 1 [PackageName] WindowsEditor [ProjectName] Editor" joined alternative multi-casting on [225.0.0.222:34997]...

[Physics::Module] Initialized MultithreadedJobDispatcher with 3 workers.
Refreshing native plugins compatible for Editor in 18.53 ms, found 3 plugins.
Preloading 0 native plugins for Editor in 0.00 ms.
Initialize engine version: 2022.3.26f1 (ec6cd8118806)
[Subsystems] Discovering subsystems at path C:/Program Files/Unity/Hub/Editor/2022.3.26f1/Editor/Data/Resources/UnitySubsystems
[Subsystems] Discovering subsystems at path C:/Users/Atents/My project/Assets
GfxDevice: creating device client; threaded=0; jobified=0
Direct3D:
    Version:  Direct3D 11.0 [level 11.0]
    Renderer: NVIDIA GeForce GT 710 (ID=0x128b)
    Vendor:   NVIDIA
    VRAM:     984 MB
    Driver:   27.21.14.5671
Initialize mono
Mono path[0] = 'C:/Program Files/Unity/Hub/Editor/2022.3.26f1/Editor/Data/Managed'
Mono path[1] = 'C:/Program Files/Unity/Hub/Editor/2022.3.26f1/Editor/Data/MonoBleedingEdge/lib/mono/unityjit-win32'
Mono config path = 'C:/Program Files/Unity/Hub/Editor/2022.3.26f1/Editor/Data/MonoBleedingEdge/etc'
Using monoOptions --debugger-agent=transport=dt_socket,embedding=1,server=y,suspend=n,address=127.0.0.1:56484
Begin MonoManager ReloadAssembly
Registering precompiled unity dll's ...
Register platform support module: C:/Program Files/Unity/Hub/Editor/2022.3.26f1/Editor/Data/PlaybackEngines/WebGLSupport/UnityEditor.WebGL.Extensions.dll
Register platform support module: C:/Program Files/Unity/Hub/Editor/2022.3.26f1/Editor/Data/PlaybackEngines/WindowsStandaloneSupport/UnityEditor.WindowsStandalone.Extensions.dll
Registered in 0.014212 seconds.
- Loaded All Assemblies, in  0.492 seconds
Native extension for WindowsStandalone target not found
Native extension for WebGL target not found
Mono: successfully reloaded assembly
- Finished resetting the current domain, in  0.389 seconds
Domain Reload Profiling: 879ms
	BeginReloadAssembly (159ms)
		ExecutionOrderSort (0ms)
		DisableScriptedObjects (0ms)
		BackupInstance (0ms)
		ReleaseScriptingObjects (0ms)
		CreateAndSetChildDomain (1ms)
	RebuildCommonClasses (47ms)
	RebuildNativeTypeToScriptingClass (15ms)
	initialDomainReloadingComplete (78ms)
	LoadAllAssembliesAndSetupDomain (190ms)
		LoadAssemblies (156ms)
		RebuildTransferFunctionScriptingTraits (0ms)
		AnalyzeDomain (187ms)
			TypeCache.Refresh (186ms)
				TypeCache.ScanAssembly (168ms)
			ScanForSourceGeneratedMonoScriptInfo (0ms)
			ResolveRequiredComponents (1ms)
	FinalizeReload (390ms)
		ReleaseScriptCaches (0ms)
		RebuildScriptCaches (0ms)
		SetupLoadedEditorAssemblies (312ms)
			LogAssemblyErrors (0ms)
			InitializePlatformSupportModulesInManaged (14ms)
			SetLoadedEditorAssemblies (6ms)
			RefreshPlugins (0ms)
			BeforeProcessingInitializeOnLoad (3ms)
			ProcessInitializeOnLoadAttributes (218ms)
			ProcessInitializeOnLoadMethodAttributes (70ms)
			AfterProcessingInitializeOnLoad (0ms)
			EditorAssembliesLoaded (0ms)
		ExecutionOrderSort2 (0ms)
		AwakeInstancesAfterBackupRestoration (0ms)
========================================================================
Worker process is ready to serve import requests
Begin MonoManager ReloadAssembly
- Loaded All Assemblies, in  0.786 seconds
Refreshing native plugins compatible for Editor in 4.26 ms, found 3 plugins.
Native extension for WindowsStandalone target not found
Native extension for WebGL target not found
Package Manager log level set to [2]
[Package Manager] Server::EnsureServerProcessIsRunning -- launch failed, reason: Unity was launched with the -noUpm command-line argument
[Package Manager] UpmClient::Send -- Unable to send message (not connected to UPM process).
[Package Manager] Cannot connect to Unity Package Manager local server
Mono: successfully reloaded assembly
- Finished resetting the current domain, in  0.709 seconds
Domain Reload Profiling: 1491ms
	BeginReloadAssembly (188ms)
		ExecutionOrderSort (0ms)
		DisableScriptedObjects (7ms)
		BackupInstance (0ms)
		ReleaseScriptingObjects (0ms)
		CreateAndSetChildDomain (26ms)
	RebuildCommonClasses (43ms)
	RebuildNativeTypeToScriptingClass (14ms)
	initialDomainReloadingComplete (52ms)
	LoadAllAssembliesAndSetupDomain (484ms)
		LoadAssemblies (369ms)
		RebuildTransferFunctionScriptingTraits (0ms)
		AnalyzeDomain (226ms)
			TypeCache.Refresh (196ms)
				TypeCache.ScanAssembly (179ms)
			ScanForSourceGeneratedMonoScriptInfo (18ms)
			ResolveRequiredComponents (10ms)
	FinalizeReload (709ms)
		ReleaseScriptCaches (0ms)
		RebuildScriptCaches (0ms)
		SetupLoadedEditorAssemblies (519ms)
			LogAssemblyErrors (0ms)
			InitializePlatformSupportModulesInManaged (10ms)
			SetLoadedEditorAssemblies (5ms)
			RefreshPlugins (0ms)
			BeforeProcessingInitializeOnLoad (75ms)
			ProcessInitializeOnLoadAttributes (394ms)
			ProcessInitializeOnLoadMethodAttributes (25ms)
			AfterProcessingInitializeOnLoad (10ms)
			EditorAssembliesLoaded (0ms)
		ExecutionOrderSort2 (0ms)
		AwakeInstancesAfterBackupRestoration (12ms)
Launched and connected shader compiler UnityShaderCompiler.exe after 0.05 seconds
Refreshing native plugins compatible for Editor in 4.27 ms, found 3 plugins.
Preloading 0 native plugins for Editor in 0.00 ms.
Unloading 3099 Unused Serialized files (Serialized files now loaded: 0)
Unloading 33 unused Assets / (57.8 KB). Loaded Objects now: 3583.
Memory consumption went from 132.4 MB to 132.3 MB.
Total: 3.033800 ms (FindLiveObjects: 0.312600 ms CreateObjectMapping: 0.263000 ms MarkObjects: 2.352200 ms  DeleteObjects: 0.104900 ms)

AssetImportParameters requested are different than current active one (requested -> active):
  custom:container-demuxer-ogg: 62fdf1f143b41e24485cea50d1cbac27 -> 
  custom:video-decoder-ogg-theora: a1e56fd34408186e4bbccfd4996cb3dc -> 
  custom:framework-win-MediaFoundation: 216162199b28c13a410421893ffa2e32 -> 
  custom:CustomObjectIndexerAttribute: 9a22284fe3817be447336de3de66b15e -> 
  custom:container-demuxer-webm: 4f35f7cbe854078d1ac9338744f61a02 -> 
  custom:container-muxer-webm: aa71ff27fc2769a1b78a27578f13a17b -> 
  custom:video-decoder-webm-vp8: 9c59270c3fd7afecdb556c50c9e8de78 -> 
  custom:SearchIndexIgnoredProperties: e643bd26f0fe6173181afceb89e7c659 -> 
  custom:AudioImporter_EditorPlatform: d09bf68614088b80899f8185d706f6e7 -> 
  custom:video-encoder-webm-vp8: eb34c28f22e8b96e1ab97ce403110664 -> 
  custom:audio-decoder-ogg-vorbis: bf7c407c2cedff20999df2af8eb42d56 -> 
  custom:audio-encoder-webm-vorbis: bf7c407c2cedff20999df2af8eb42d56 -> 
========================================================================
Received Import Request.
  Time since last request: 186679.237100 seconds.
  path: Assets/TreePackVol.1
  artifactKey: Guid(7c0b0b3bfadce8946ab1de75b1b790ed) Importer(815301076,1909f56bfc062723c751e8b465ee728b)
Start importing Assets/TreePackVol.1 using Guid(7c0b0b3bfadce8946ab1de75b1b790ed) Importer(815301076,1909f56bfc062723c751e8b465ee728b)  -> (artifact id: '8ddd9f093a84835df358927e2fe57142') in 0.002941 seconds
Number of updated asset objects reloaded before import = 0
Number of asset objects unloaded after import = 0
========================================================================
Received Import Request.
  Time since last request: 0.000024 seconds.
  path: Assets/New Terrain 1.asset
  artifactKey: Guid(ff3ab7bcb458228439b03e1203585167) Importer(815301076,1909f56bfc062723c751e8b465ee728b)
Start importing Assets/New Terrain 1.asset using Guid(ff3ab7bcb458228439b03e1203585167) Importer(815301076,1909f56bfc062723c751e8b465ee728b)  -> (artifact id: '10c6d2033399edd3819335988f10561d') in 0.110351 seconds
Number of updated asset objects reloaded before import = 0
Number of asset objects unloaded after import = 16
========================================================================
Received Import Request.
  Time since last request: 0.000015 seconds.
  path: Assets/New Terrain.asset
  artifactKey: Guid(1d55da1e81413324280ccb144ccbd70b) Importer(815301076,1909f56bfc062723c751e8b465ee728b)
Start importing Assets/New Terrain.asset using Guid(1d55da1e81413324280ccb144ccbd70b) Importer(815301076,1909f56bfc062723c751e8b465ee728b) Tree prefab at index 0 is missing.
 -> (artifact id: '4e9997ce12767319e26195c1e2ae7384') in 0.042339 seconds
Number of updated asset objects reloaded before import = 0
Number of asset objects unloaded after import = 29
========================================================================
Received Import Request.
  Time since last request: 0.384389 seconds.
  path: Assets/POLYGON city pack
  artifactKey: Guid(d94cd499e4a162b48a8b4c875f93fd07) Importer(815301076,1909f56bfc062723c751e8b465ee728b)
Start importing Assets/POLYGON city pack using Guid(d94cd499e4a162b48a8b4c875f93fd07) Importer(815301076,1909f56bfc062723c751e8b465ee728b)  -> (artifact id: 'e4d0dd9d0c6df3e272af801b2128a605') in 0.000626 seconds
Number of updated asset objects reloaded before import = 0
Number of asset objects unloaded after import = 0
========================================================================
Received Import Request.
  Time since last request: 57.967240 seconds.
  path: Assets/POLYGON city pack/Meshes,textures/ways_FBX/Materials/Grass.mat
  artifactKey: Guid(6bced7c05d64f3d498068304df072429) Importer(815301076,1909f56bfc062723c751e8b465ee728b)
Start importing Assets/POLYGON city pack/Meshes,textures/ways_FBX/Materials/Grass.mat using Guid(6bced7c05d64f3d498068304df072429) Importer(815301076,1909f56bfc062723c751e8b465ee728b)  -> (artifact id: '114d55439a9c717758b0a1f57a322ed8') in 0.091633 seconds
Number of updated asset objects reloaded before import = 0
Number of asset objects unloaded after import = 1
========================================================================
Received Import Request.
  Time since last request: 0.000017 seconds.
  path: Assets/POLYGON city pack/Meshes,textures/ways_FBX/Materials/Material.mat
  artifactKey: Guid(dbb43bde0524ae242a8f2bda9d43d451) Importer(815301076,1909f56bfc062723c751e8b465ee728b)
Start importing Assets/POLYGON city pack/Meshes,textures/ways_FBX/Materials/Material.mat using Guid(dbb43bde0524ae242a8f2bda9d43d451) Importer(815301076,1909f56bfc062723c751e8b465ee728b)  -> (artifact id: '8281f1a0a22e790826bbf44d9c5aaabc') in 0.026407 seconds
Number of updated asset objects reloaded before import = 0
Number of asset objects unloaded after import = 1
========================================================================
Received Import Request.
  Time since last request: 0.000018 seconds.
  path: Assets/POLYGON city pack/Meshes,textures/ways_FBX/Materials/SideWalk.006.mat
  artifactKey: Guid(b9967671dc65ce94aa0ae25ec3ccc87c) Importer(815301076,1909f56bfc062723c751e8b465ee728b)
Start importing Assets/POLYGON city pack/Meshes,textures/ways_FBX/Materials/SideWalk.006.mat using Guid(b9967671dc65ce94aa0ae25ec3ccc87c) Importer(815301076,1909f56bfc062723c751e8b465ee728b)  -> (artifact id: '5ee092a5d6cc398180358ed9e73d57ad') in 0.020222 seconds
Number of updated asset objects reloaded before import = 0
Number of asset objects unloaded after import = 1
========================================================================
Received Import Request.
  Time since last request: 0.000024 seconds.
  path: Assets/POLYGON city pack/Meshes,textures/ways_FBX/Materials/SideWalk.002.mat
  artifactKey: Guid(e3b9dcacab1ef4241a426b5145b0614e) Importer(815301076,1909f56bfc062723c751e8b465ee728b)
Start importing Assets/POLYGON city pack/Meshes,textures/ways_FBX/Materials/SideWalk.002.mat using Guid(e3b9dcacab1ef4241a426b5145b0614e) Importer(815301076,1909f56bfc062723c751e8b465ee728b)  -> (artifact id: '0d85b3cc8c17f0dca66b0a3f2cadf6eb') in 0.033358 seconds
Number of updated asset objects reloaded before import = 0
Number of asset objects unloaded after import = 1
========================================================================
Received Import Request.
  Time since last request: 0.000016 seconds.
  path: Assets/POLYGON city pack/Meshes,textures/ways_FBX/Materials/SideWalk.008.mat
  artifactKey: Guid(4fc6211f28fc443459368b71696598bb) Importer(815301076,1909f56bfc062723c751e8b465ee728b)
Start importing Assets/POLYGON city pack/Meshes,textures/ways_FBX/Materials/SideWalk.008.mat using Guid(4fc6211f28fc443459368b71696598bb) Importer(815301076,1909f56bfc062723c751e8b465ee728b)  -> (artifact id: '3a037a20d67a61ffeda5d4a9fdc5651b') in 0.029494 seconds
Number of updated asset objects reloaded before import = 0
Number of asset objects unloaded after import = 1
========================================================================
Received Import Request.
  Time since last request: 0.000016 seconds.
  path: Assets/POLYGON city pack/Meshes,textures/ways_FBX/Materials/SideWalk.005.mat
  artifactKey: Guid(5873f3e09e55ea549b46ea461b3c2a6b) Importer(815301076,1909f56bfc062723c751e8b465ee728b)
Start importing Assets/POLYGON city pack/Meshes,textures/ways_FBX/Materials/SideWalk.005.mat using Guid(5873f3e09e55ea549b46ea461b3c2a6b) Importer(815301076,1909f56bfc062723c751e8b465ee728b)  -> (artifact id: 'abb6a13be6b65326cc4458854a5b4384') in 0.032701 seconds
Number of updated asset objects reloaded before import = 0
Number of asset objects unloaded after import = 1
========================================================================
Received Import Request.
  Time since last request: 0.000016 seconds.
  path: Assets/POLYGON city pack/Meshes,textures/ways_FBX/Materials/SideWalk.013.mat
  artifactKey: Guid(d64e70829bc09b94d802e007d6609cf1) Importer(815301076,1909f56bfc062723c751e8b465ee728b)
Start importing Assets/POLYGON city pack/Meshes,textures/ways_FBX/Materials/SideWalk.013.mat using Guid(d64e70829bc09b94d802e007d6609cf1) Importer(815301076,1909f56bfc062723c751e8b465ee728b)  -> (artifact id: '61964ac3b0737a77c13b342dad4f4a58') in 0.038940 seconds
Number of updated asset objects reloaded before import = 0
Number of asset objects unloaded after import = 1
========================================================================
Received Import Request.
  Time since last request: 0.000015 seconds.
  path: Assets/POLYGON city pack/Meshes,textures/ways_FBX/Materials/SideWalk.009.mat
  artifactKey: Guid(72b537efdeef38e46b6fbe56b36e3676) Importer(815301076,1909f56bfc062723c751e8b465ee728b)
Start importing Assets/POLYGON city pack/Meshes,textures/ways_FBX/Materials/SideWalk.009.mat using Guid(72b537efdeef38e46b6fbe56b36e3676) Importer(815301076,1909f56bfc062723c751e8b465ee728b)  -> (artifact id: '49fcdd6072ffa2afdbb35c885440c180') in 0.026027 seconds
Number of updated asset objects reloaded before import = 0
Number of asset objects unloaded after import = 1
========================================================================
Received Import Request.
  Time since last request: 0.000017 seconds.
  path: Assets/POLYGON city pack/Meshes,textures/ways_FBX/Materials/SideWalk.010.mat
  artifactKey: Guid(f1362e56c179d2f45bc64be15c5684d4) Importer(815301076,1909f56bfc062723c751e8b465ee728b)
Start importing Assets/POLYGON city pack/Meshes,textures/ways_FBX/Materials/SideWalk.010.mat using Guid(f1362e56c179d2f45bc64be15c5684d4) Importer(815301076,1909f56bfc062723c751e8b465ee728b)  -> (artifact id: '475e757e4b60321eb294cbb924495719') in 0.032283 seconds
Number of updated asset objects reloaded before import = 0
Number of asset objects unloaded after import = 1
========================================================================
Received Import Request.
  Time since last request: 0.000015 seconds.
  path: Assets/POLYGON city pack/Meshes,textures/ways_FBX/Materials/SideWalk.001.mat
  artifactKey: Guid(81f620ffc698d5f42a8031a1f80d628b) Importer(815301076,1909f56bfc062723c751e8b465ee728b)
Start importing Assets/POLYGON city pack/Meshes,textures/ways_FBX/Materials/SideWalk.001.mat using Guid(81f620ffc698d5f42a8031a1f80d628b) Importer(815301076,1909f56bfc062723c751e8b465ee728b)  -> (artifact id: 'c30166556327574776efb6e77c89bf6d') in 0.032637 seconds
Number of updated asset objects reloaded before import = 0
Number of asset objects unloaded after import = 1
========================================================================
Received Import Request.
  Time since last request: 0.000018 seconds.
  path: Assets/POLYGON city pack/Meshes,textures/ways_FBX/Materials/SideWalk.mat
  artifactKey: Guid(48c1063ad10ddf8408199b21194a17f5) Importer(815301076,1909f56bfc062723c751e8b465ee728b)
Start importing Assets/POLYGON city pack/Meshes,textures/ways_FBX/Materials/SideWalk.mat using Guid(48c1063ad10ddf8408199b21194a17f5) Importer(815301076,1909f56bfc062723c751e8b465ee728b)  -> (artifact id: 'd97ddeea4e6599ed506d1a988ec21d66') in 0.033427 seconds
Number of updated asset objects reloaded before import = 0
Number of asset objects unloaded after import = 1
========================================================================
Received Import Request.
  Time since last request: 0.000024 seconds.
  path: Assets/POLYGON city pack/Meshes,textures/ways_FBX/Materials/SideWalk.007.mat
  artifactKey: Guid(4e4cd9c356f9e1947ad4624d8a955c58) Importer(815301076,1909f56bfc062723c751e8b465ee728b)
Start importing Assets/POLYGON city pack/Meshes,textures/ways_FBX/Materials/SideWalk.007.mat using Guid(4e4cd9c356f9e1947ad4624d8a955c58) Importer(815301076,1909f56bfc062723c751e8b465ee728b)  -> (artifact id: '4210e011ca8b5d8d68777e9bd7ec3935') in 0.031884 seconds
Number of updated asset objects reloaded before import = 0
Number of asset objects unloaded after import = 1
========================================================================
Received Import Request.
  Time since last request: 0.581514 seconds.
  path: Assets/POLYGON city pack/Meshes,textures/ways_FBX/Materials/Sidewalk_texture.mat
  artifactKey: Guid(74b476378dcedff418947cfd91d34ef1) Importer(815301076,1909f56bfc062723c751e8b465ee728b)
Start importing Assets/POLYGON city pack/Meshes,textures/ways_FBX/Materials/Sidewalk_texture.mat using Guid(74b476378dcedff418947cfd91d34ef1) Importer(815301076,1909f56bfc062723c751e8b465ee728b)  -> (artifact id: 'a95a68a00fbfd5fa8cb59864e3297b33') in 0.030075 seconds
Number of updated asset objects reloaded before import = 0
Number of asset objects unloaded after import = 2
========================================================================
Received Import Request.
  Time since last request: 0.005362 seconds.
  path: Assets/POLYGON city pack/Meshes,textures/ways_FBX/Materials/Sideway.mat
  artifactKey: Guid(d8801b161907a0c419f1fee6db107147) Importer(815301076,1909f56bfc062723c751e8b465ee728b)
Start importing Assets/POLYGON city pack/Meshes,textures/ways_FBX/Materials/Sideway.mat using Guid(d8801b161907a0c419f1fee6db107147) Importer(815301076,1909f56bfc062723c751e8b465ee728b)  -> (artifact id: 'dfcf6de9fbdc9e55bfd54d3cca4f3200') in 0.017257 seconds
Number of updated asset objects reloaded before import = 0
Number of asset objects unloaded after import = 1
========================================================================
Received Import Request.
  Time since last request: 0.225832 seconds.
  path: Assets/POLYGON city pack/Meshes,textures/ways_FBX/Materials/Sideway.001.mat
  artifactKey: Guid(25aed3a18f9d95a4783c5752ac6f1217) Importer(815301076,1909f56bfc062723c751e8b465ee728b)
Start importing Assets/POLYGON city pack/Meshes,textures/ways_FBX/Materials/Sideway.001.mat using Guid(25aed3a18f9d95a4783c5752ac6f1217) Importer(815301076,1909f56bfc062723c751e8b465ee728b)  -> (artifact id: 'db2c8d8266dece4b864c31108f78735d') in 0.035958 seconds
Number of updated asset objects reloaded before import = 0
Number of asset objects unloaded after import = 1
========================================================================
Received Import Request.
  Time since last request: 0.000029 seconds.
  path: Assets/POLYGON city pack/Meshes,textures/ways_FBX/Materials/Sideway.002.mat
  artifactKey: Guid(0b6cd9686375033449130cf148bcca8a) Importer(815301076,1909f56bfc062723c751e8b465ee728b)
Start importing Assets/POLYGON city pack/Meshes,textures/ways_FBX/Materials/Sideway.002.mat using Guid(0b6cd9686375033449130cf148bcca8a) Importer(815301076,1909f56bfc062723c751e8b465ee728b)  -> (artifact id: '4c0416811f86af277d725b2e11c016b6') in 0.023512 seconds
Number of updated asset objects reloaded before import = 0
Number of asset objects unloaded after import = 1
========================================================================
Received Import Request.
  Time since last request: 0.000159 seconds.
  path: Assets/POLYGON city pack/Meshes,textures/ways_FBX/Materials/Sideway.003.mat
  artifactKey: Guid(ba45161c1c3c5744eaeed4955bf3f28b) Importer(815301076,1909f56bfc062723c751e8b465ee728b)
Start importing Assets/POLYGON city pack/Meshes,textures/ways_FBX/Materials/Sideway.003.mat using Guid(ba45161c1c3c5744eaeed4955bf3f28b) Importer(815301076,1909f56bfc062723c751e8b465ee728b)  -> (artifact id: 'ad992910844f7faf0c4a1f3a26d336dc') in 0.031060 seconds
Number of updated asset objects reloaded before import = 0
Number of asset objects unloaded after import = 1
========================================================================
Received Import Request.
  Time since last request: 0.186547 seconds.
  path: Assets/POLYGON city pack/Meshes,textures/ways_FBX/Materials/Sideway.005.mat
  artifactKey: Guid(3a4b24cb5a8fd8f449ccd4881ee0a6e2) Importer(815301076,1909f56bfc062723c751e8b465ee728b)
Start importing Assets/POLYGON city pack/Meshes,textures/ways_FBX/Materials/Sideway.005.mat using Guid(3a4b24cb5a8fd8f449ccd4881ee0a6e2) Importer(815301076,1909f56bfc062723c751e8b465ee728b)  -> (artifact id: '3b6f3b735e93ce9f11988e77bf83dbce') in 0.030135 seconds
Number of updated asset objects reloaded before import = 0
Number of asset objects unloaded after import = 1
========================================================================
Received Import Request.
  Time since last request: 0.000036 seconds.
  path: Assets/POLYGON city pack/Meshes,textures/ways_FBX/Materials/Sideway.006.mat
  artifactKey: Guid(b189a2b6cbbdd284b92ba18fae38a10f) Importer(815301076,1909f56bfc062723c751e8b465ee728b)
Start importing Assets/POLYGON city pack/Meshes,textures/ways_FBX/Materials/Sideway.006.mat using Guid(b189a2b6cbbdd284b92ba18fae38a10f) Importer(815301076,1909f56bfc062723c751e8b465ee728b)  -> (artifact id: '95d21af54265d6a141dc5cfa541a403e') in 0.020066 seconds
Number of updated asset objects reloaded before import = 0
Number of asset objects unloaded after import = 1
========================================================================
Received Import Request.
  Time since last request: 0.000017 seconds.
  path: Assets/POLYGON city pack/Meshes,textures/ways_FBX/Materials/Sideway.008.mat
  artifactKey: Guid(57292e6111512b349a6bce37f73c0251) Importer(815301076,1909f56bfc062723c751e8b465ee728b)
Start importing Assets/POLYGON city pack/Meshes,textures/ways_FBX/Materials/Sideway.008.mat using Guid(57292e6111512b349a6bce37f73c0251) Importer(815301076,1909f56bfc062723c751e8b465ee728b)  -> (artifact id: '781a20f212cf032aa1ee83b8eb8961cc') in 0.031815 seconds
Number of updated asset objects reloaded before import = 0
Number of asset objects unloaded after import = 1
========================================================================
Received Import Request.
  Time since last request: 0.000016 seconds.
  path: Assets/POLYGON city pack/Meshes,textures/ways_FBX/Materials/Sideway.009.mat
  artifactKey: Guid(111b0762854dc784080604489b423201) Importer(815301076,1909f56bfc062723c751e8b465ee728b)
Start importing Assets/POLYGON city pack/Meshes,textures/ways_FBX/Materials/Sideway.009.mat using Guid(111b0762854dc784080604489b423201) Importer(815301076,1909f56bfc062723c751e8b465ee728b)  -> (artifact id: 'f34b8f4c9bf00a94995c18e3cc2328e0') in 0.028832 seconds
Number of updated asset objects reloaded before import = 0
Number of asset objects unloaded after import = 1
========================================================================
Received Import Request.
  Time since last request: 0.000019 seconds.
  path: Assets/POLYGON city pack/Meshes,textures/ways_FBX/Materials/Sideway.007.mat
  artifactKey: Guid(984e85d0cbdd11346822040dbe0d11ac) Importer(815301076,1909f56bfc062723c751e8b465ee728b)
Start importing Assets/POLYGON city pack/Meshes,textures/ways_FBX/Materials/Sideway.007.mat using Guid(984e85d0cbdd11346822040dbe0d11ac) Importer(815301076,1909f56bfc062723c751e8b465ee728b)  -> (artifact id: '659ad862a554478683c92f6a1e7767fd') in 0.031692 seconds
Number of updated asset objects reloaded before import = 0
Number of asset objects unloaded after import = 1
========================================================================
Received Import Request.
  Time since last request: 0.142905 seconds.
  path: Assets/POLYGON city pack/Meshes,textures/ways_FBX/Materials/Sideway.010.mat
  artifactKey: Guid(eaf4027e814ae974ea89d54622c9c11a) Importer(815301076,1909f56bfc062723c751e8b465ee728b)
Start importing Assets/POLYGON city pack/Meshes,textures/ways_FBX/Materials/Sideway.010.mat using Guid(eaf4027e814ae974ea89d54622c9c11a) Importer(815301076,1909f56bfc062723c751e8b465ee728b)  -> (artifact id: '2f670b0aa8c22915a7a6f036e011e1de') in 0.019910 seconds
Number of updated asset objects reloaded before import = 0
Number of asset objects unloaded after import = 1
========================================================================
Received Import Request.
  Time since last request: 0.000021 seconds.
  path: Assets/POLYGON city pack/Meshes,textures/ways_FBX/Materials/Sideway.011.mat
  artifactKey: Guid(c1b67603cd9103a48af1d6fd010ba81f) Importer(815301076,1909f56bfc062723c751e8b465ee728b)
Start importing Assets/POLYGON city pack/Meshes,textures/ways_FBX/Materials/Sideway.011.mat using Guid(c1b67603cd9103a48af1d6fd010ba81f) Importer(815301076,1909f56bfc062723c751e8b465ee728b)  -> (artifact id: '3e44fdc07884dccf8758f0685e30fc47') in 0.016683 seconds
Number of updated asset objects reloaded before import = 0
Number of asset objects unloaded after import = 1
========================================================================
Received Import Request.
  Time since last request: 0.032679 seconds.
  path: Assets/POLYGON city pack/Meshes,textures/ways_FBX/Materials/Sideway.013.mat
  artifactKey: Guid(3219786ba7cfc2e418e1e65060c0816b) Importer(815301076,1909f56bfc062723c751e8b465ee728b)
Start importing Assets/POLYGON city pack/Meshes,textures/ways_FBX/Materials/Sideway.013.mat using Guid(3219786ba7cfc2e418e1e65060c0816b) Importer(815301076,1909f56bfc062723c751e8b465ee728b)  -> (artifact id: 'b81e5c0a3489cdc0e7b3eabf6a147a6a') in 0.029215 seconds
Number of updated asset objects reloaded before import = 0
Number of asset objects unloaded after import = 1
========================================================================
Received Import Request.
  Time since last request: 0.000210 seconds.
  path: Assets/POLYGON city pack/Meshes,textures/ways_FBX/Materials/Stone.mat
  artifactKey: Guid(605d9afa265941e4bbde3b687e377e56) Importer(815301076,1909f56bfc062723c751e8b465ee728b)
Start importing Assets/POLYGON city pack/Meshes,textures/ways_FBX/Materials/Stone.mat using Guid(605d9afa265941e4bbde3b687e377e56) Importer(815301076,1909f56bfc062723c751e8b465ee728b)  -> (artifact id: '3c6c585e37b6b4c92f76870c3b65022d') in 0.014231 seconds
Number of updated asset objects reloaded before import = 0
Number of asset objects unloaded after import = 1
========================================================================
Received Import Request.
  Time since last request: 0.176721 seconds.
  path: Assets/POLYGON city pack/Meshes,textures/ways_FBX/Materials/Street.mat
  artifactKey: Guid(06605a076c06da8468d90ee71a9ee427) Importer(815301076,1909f56bfc062723c751e8b465ee728b)
Start importing Assets/POLYGON city pack/Meshes,textures/ways_FBX/Materials/Street.mat using Guid(06605a076c06da8468d90ee71a9ee427) Importer(815301076,1909f56bfc062723c751e8b465ee728b)  -> (artifact id: 'a2648c8d4b2281f8aebef51e38230c97') in 0.025867 seconds
Number of updated asset objects reloaded before import = 0
Number of asset objects unloaded after import = 1
========================================================================
Received Import Request.
  Time since last request: 0.000026 seconds.
  path: Assets/POLYGON city pack/Meshes,textures/ways_FBX/Materials/Street 1.mat
  artifactKey: Guid(13cd22a180e69be4f9a22e9622e525db) Importer(815301076,1909f56bfc062723c751e8b465ee728b)
Start importing Assets/POLYGON city pack/Meshes,textures/ways_FBX/Materials/Street 1.mat using Guid(13cd22a180e69be4f9a22e9622e525db) Importer(815301076,1909f56bfc062723c751e8b465ee728b)  -> (artifact id: 'a3db3e2fc183a8273310da88b2fbce0b') in 0.022792 seconds
Number of updated asset objects reloaded before import = 0
Number of asset objects unloaded after import = 2
========================================================================
Received Import Request.
  Time since last request: 0.000016 seconds.
  path: Assets/POLYGON city pack/Meshes,textures/ways_FBX/Materials/Street.006.mat
  artifactKey: Guid(db1e9477ba471f24189c7db0d02f0724) Importer(815301076,1909f56bfc062723c751e8b465ee728b)
Start importing Assets/POLYGON city pack/Meshes,textures/ways_FBX/Materials/Street.006.mat using Guid(db1e9477ba471f24189c7db0d02f0724) Importer(815301076,1909f56bfc062723c751e8b465ee728b)  -> (artifact id: 'e61b48f5ebd24621859bb2aef4667397') in 0.027352 seconds
Number of updated asset objects reloaded before import = 0
Number of asset objects unloaded after import = 1
========================================================================
Received Import Request.
  Time since last request: 0.182793 seconds.
  path: Assets/POLYGON city pack/Meshes,textures/ways_FBX/Materials/Street.007.mat
  artifactKey: Guid(b9c714ec096bf5342bc3aba0b58e502e) Importer(815301076,1909f56bfc062723c751e8b465ee728b)
Start importing Assets/POLYGON city pack/Meshes,textures/ways_FBX/Materials/Street.007.mat using Guid(b9c714ec096bf5342bc3aba0b58e502e) Importer(815301076,1909f56bfc062723c751e8b465ee728b)  -> (artifact id: '0f735f351e9ecbcf915fa704bc78751c') in 0.029581 seconds
Number of updated asset objects reloaded before import = 0
Number of asset objects unloaded after import = 1
========================================================================
Received Import Request.
  Time since last request: 0.020046 seconds.
  path: Assets/POLYGON city pack/Meshes,textures/ways_FBX/Materials/Street.008.mat
  artifactKey: Guid(58eb9a48986124d4cb11c696feb43f44) Importer(815301076,1909f56bfc062723c751e8b465ee728b)
Start importing Assets/POLYGON city pack/Meshes,textures/ways_FBX/Materials/Street.008.mat using Guid(58eb9a48986124d4cb11c696feb43f44) Importer(815301076,1909f56bfc062723c751e8b465ee728b)  -> (artifact id: '8ca0e70e9728fdb773bbec21b50dab70') in 0.028699 seconds
Number of updated asset objects reloaded before import = 0
Number of asset objects unloaded after import = 1
========================================================================
Received Import Request.
  Time since last request: 0.000030 seconds.
  path: Assets/POLYGON city pack/Meshes,textures/ways_FBX/Materials/Street.009.mat
  artifactKey: Guid(8adffa01688a160448a344d35f9f6e0b) Importer(815301076,1909f56bfc062723c751e8b465ee728b)
Start importing Assets/POLYGON city pack/Meshes,textures/ways_FBX/Materials/Street.009.mat using Guid(8adffa01688a160448a344d35f9f6e0b) Importer(815301076,1909f56bfc062723c751e8b465ee728b)  -> (artifact id: 'a9374998707e3adf1c21ab49c5b60a36') in 0.014967 seconds
Number of updated asset objects reloaded before import = 0
Number of asset objects unloaded after import = 1
========================================================================
Received Import Request.
  Time since last request: 0.031498 seconds.
  path: Assets/POLYGON city pack/Meshes,textures/ways_FBX/Materials/Street_03.mat
  artifactKey: Guid(db63467f44585c44fa716b4a06364943) Importer(815301076,1909f56bfc062723c751e8b465ee728b)
Start importing Assets/POLYGON city pack/Meshes,textures/ways_FBX/Materials/Street_03.mat using Guid(db63467f44585c44fa716b4a06364943) Importer(815301076,1909f56bfc062723c751e8b465ee728b)  -> (artifact id: '5150deb2d72c0dba21126fbb80186e42') in 0.028926 seconds
Number of updated asset objects reloaded before import = 0
Number of asset objects unloaded after import = 2
========================================================================
Received Import Request.
  Time since last request: 0.161975 seconds.
  path: Assets/POLYGON city pack/Meshes,textures/ways_FBX/Materials/Street_20.mat
  artifactKey: Guid(31672fdbfc3d18e4588bd4fb89127716) Importer(815301076,1909f56bfc062723c751e8b465ee728b)
Start importing Assets/POLYGON city pack/Meshes,textures/ways_FBX/Materials/Street_20.mat using Guid(31672fdbfc3d18e4588bd4fb89127716) Importer(815301076,1909f56bfc062723c751e8b465ee728b)  -> (artifact id: 'd85b6efb0d57fc996682d92108986156') in 0.026878 seconds
Number of updated asset objects reloaded before import = 0
Number of asset objects unloaded after import = 2
========================================================================
Received Import Request.
  Time since last request: 0.000024 seconds.
  path: Assets/POLYGON city pack/Meshes,textures/ways_FBX/Materials/Way.mat
  artifactKey: Guid(5f1fcaa5815e9b8439a351368ac71ed7) Importer(815301076,1909f56bfc062723c751e8b465ee728b)
Start importing Assets/POLYGON city pack/Meshes,textures/ways_FBX/Materials/Way.mat using Guid(5f1fcaa5815e9b8439a351368ac71ed7) Importer(815301076,1909f56bfc062723c751e8b465ee728b)  -> (artifact id: '2f43dc02c125011ba7d62c066c42af86') in 0.017068 seconds
Number of updated asset objects reloaded before import = 0
Number of asset objects unloaded after import = 1
========================================================================
Received Import Request.
  Time since last request: 45.908932 seconds.
  path: Assets/Scenes/SampleScene.unity
  artifactKey: Guid(9fc0d4010bbf28b4594072e72b8655ab) Importer(815301076,1909f56bfc062723c751e8b465ee728b)
Start importing Assets/Scenes/SampleScene.unity using Guid(9fc0d4010bbf28b4594072e72b8655ab) Importer(815301076,1909f56bfc062723c751e8b465ee728b)  -> (artifact id: '661a95795f433e8b4aaeee1176a12147') in 0.000734 seconds
Number of updated asset objects reloaded before import = 0
Number of asset objects unloaded after import = 0
